[INFO] 21:24:49:400 GAMEBOY/(11283:11283): 5003
[INFO] 21:24:49:400 GAMEBOY/(11283:11283): 127.0.0.1
[INFO] 21:24:54:840 GAMEBOY/(11283:11283): 123 PROBANDO
[INFO] 21:25:04:789 GAMEBOY/(11283:11283): ME OBLIGARON A BORRAR EL OTRO LOG
[INFO] 21:25:14:455 GAMEBOY/(11283:11283): 
[INFO] 20:19:10:36 GAMEBOY/(5841:5841): 5003
[INFO] 20:19:10:37 GAMEBOY/(5841:5841): 127.0.0.1
[INFO] 20:19:15:520 GAMEBOY/(5841:5841): ¸'l·¸'l·
[INFO] 20:35:24:383 GAMEBOY/(20767:20767): 5003
[INFO] 20:35:24:383 GAMEBOY/(20767:20767): 127.0.0.1
[INFO] 20:35:29:391 GAMEBOY/(20767:20767): fdsf
[INFO] 20:35:34:510 GAMEBOY/(20767:20767): 
[INFO] 20:35:58:148 GAMEBOY/(20792:20792): 5003
[INFO] 20:35:58:148 GAMEBOY/(20792:20792): 127.0.0.1
[INFO] 16:56:52:632 GAMEBOY/(26694:26694): 6009
[INFO] 16:56:52:633 GAMEBOY/(26694:26694): 127.0.0.1
[INFO] 16:57:01:545 GAMEBOY/(26694:26694): BROKER GET_POKEMON pikachu
[INFO] 17:03:21:139 GAMEBOY/(26803:26803): 6009
[INFO] 17:03:21:139 GAMEBOY/(26803:26803): 127.0.0.1
[INFO] 17:03:31:232 GAMEBOY/(26803:26803): broker get_pokemon pikachu
[INFO] 17:05:54:392 GAMEBOY/(26925:26925): 6009
[INFO] 17:05:54:392 GAMEBOY/(26925:26925): 127.0.0.1
[INFO] 17:06:02:577 GAMEBOY/(26925:26925): broker get_pokemon pikachu
[INFO] 17:07:22:811 GAMEBOY/(26975:26975): 6009
[INFO] 17:07:22:811 GAMEBOY/(26975:26975): 127.0.0.1
[INFO] 17:07:30:642 GAMEBOY/(26975:26975): broker get_pokemon pikachu
[INFO] 17:08:01:676 GAMEBOY/(27023:27023): 6009
[INFO] 17:08:01:677 GAMEBOY/(27023:27023): 127.0.0.1
[INFO] 17:08:08:818 GAMEBOY/(27023:27023): broker get_pokemon pikachu
[INFO] 17:08:31:992 GAMEBOY/(27072:27072): 6009
[INFO] 17:08:31:992 GAMEBOY/(27072:27072): 127.0.0.1
[INFO] 17:08:40:946 GAMEBOY/(27072:27072): broker get_pokemon pikachu
[INFO] 17:08:57:913 GAMEBOY/(27120:27120): 6009
[INFO] 17:08:57:913 GAMEBOY/(27120:27120): 127.0.0.1
[INFO] 17:09:15:102 GAMEBOY/(27120:27120): broker get_pokemon pikachu
[INFO] 17:09:29:132 GAMEBOY/(27168:27168): 6009
[INFO] 17:09:29:132 GAMEBOY/(27168:27168): 127.0.0.1
[INFO] 17:09:49:919 GAMEBOY/(27168:27168): broker get_pokemon pikachu
[INFO] 17:10:08:368 GAMEBOY/(27215:27215): 6009
[INFO] 17:10:08:368 GAMEBOY/(27215:27215): 127.0.0.1
[INFO] 17:10:16:679 GAMEBOY/(27215:27215): broker get_pokemon pikachu
[INFO] 17:15:32:435 GAMEBOY/(27288:27288): 6009
[INFO] 17:15:32:435 GAMEBOY/(27288:27288): 127.0.0.1
[INFO] 17:15:40:217 GAMEBOY/(27288:27288): broker get_pokemon pikachu
[INFO] 11:27:48:176 GAMEBOY/(15163:15163): Se ha establecido una conexion con el proceso Team
[INFO] 11:29:08:358 GAMEBOY/(15163:15163): Se ha establecido una conexion con el proceso Team
[INFO] 11:30:29:687 GAMEBOY/(15249:15249): Se ha establecido una conexion con el proceso Team
[INFO] 11:31:42:316 GAMEBOY/(15249:15249): Se ha establecido una conexion con el proceso Team
[INFO] 11:32:31:548 GAMEBOY/(15249:15249): Se ha establecido una conexion con el proceso Team
[INFO] 11:34:15:262 GAMEBOY/(15249:15249): Se ha establecido una conexion con el proceso Team
[INFO] 11:35:07:542 GAMEBOY/(15249:15249): Se ha establecido una conexion con el proceso Team
[INFO] 11:35:40:575 GAMEBOY/(15249:15249): Se ha establecido una conexion con el proceso Team
[INFO] 20:36:49:787 GAMEBOY/(23679:23679): Se ha establecido una conexion con el proceso Broker
[INFO] 20:39:10:487 GAMEBOY/(23789:23789): Se ha establecido una conexion con el proceso Broker
[INFO] 20:39:50:507 GAMEBOY/(23797:23797): Se ha establecido una conexion con el proceso Broker
[INFO] 20:44:10:242 GAMEBOY/(24122:24122): Se ha establecido una conexion con el proceso Team
[INFO] 20:44:17:214 GAMEBOY/(24122:24122): Se ha establecido una conexion con el proceso Team
[INFO] 20:05:24:519 GAMEBOY/(27610:27610): Se ha establecido una conexion con el proceso Broker
[INFO] 20:06:27:301 GAMEBOY/(27679:27679): Se ha establecido una conexion con el proceso Broker
[INFO] 20:07:00:379 GAMEBOY/(27685:27685): Se ha establecido una conexion con el proceso Broker
[INFO] 20:45:02:9 GAMEBOY/(28917:28917): Se ha establecido una conexion con el proceso Broker
[INFO] 20:45:43:590 GAMEBOY/(28925:28925): Se ha establecido una conexion con el proceso Broker
[INFO] 20:46:26:658 GAMEBOY/(28984:28984): Se ha establecido una conexion con el proceso Broker
[INFO] 20:47:05:135 GAMEBOY/(29028:29028): Se ha establecido una conexion con el proceso Broker
[INFO] 20:48:40:903 GAMEBOY/(29117:29117): Se ha establecido una conexion con el proceso Broker
[INFO] 20:50:51:955 GAMEBOY/(29238:29238): Se ha establecido una conexion con el proceso Broker
[INFO] 20:51:10:812 GAMEBOY/(29242:29242): Se ha establecido una conexion con el proceso Broker
[INFO] 20:51:42:414 GAMEBOY/(29288:29288): Se ha establecido una conexion con el proceso Broker
[INFO] 20:51:49:896 GAMEBOY/(29291:29291): Se ha establecido una conexion con el proceso Broker
[INFO] 20:52:10:40 GAMEBOY/(29295:29295): Se ha establecido una conexion con el proceso Broker
[INFO] 22:54:54:424 GAMEBOY/(27345:27345): Se ha establecido una conexion con el proceso Team
[INFO] 00:11:34:652 GAMEBOY/(29104:29104): Se ha establecido una conexion con el proceso Team
[INFO] 00:14:56:203 GAMEBOY/(29396:29396): Se ha establecido una conexion con el proceso Team
[INFO] 00:40:42:747 GAMEBOY/(29960:29960): Se ha establecido una conexion con el proceso Team
[INFO] 00:44:14:560 GAMEBOY/(30090:30090): Se ha establecido una conexion con el proceso Team
[INFO] 00:45:04:784 GAMEBOY/(30159:30159): Se ha establecido una conexion con el proceso Team
[INFO] 00:45:41:961 GAMEBOY/(30183:30183): Se ha establecido una conexion con el proceso Team
[INFO] 00:46:29:15 GAMEBOY/(30226:30226): Se ha establecido una conexion con el proceso Team
[INFO] 00:47:02:356 GAMEBOY/(30265:30265): Se ha establecido una conexion con el proceso Team
[INFO] 00:47:46:90 GAMEBOY/(30319:30319): Se ha establecido una conexion con el proceso Team
[INFO] 00:48:21:817 GAMEBOY/(30357:30357): Se ha establecido una conexion con el proceso Team
[INFO] 00:50:15:79 GAMEBOY/(30418:30418): Se ha establecido una conexion con el proceso Team
[INFO] 00:52:24:586 GAMEBOY/(30479:30479): Se ha establecido una conexion con el proceso Team
[INFO] 00:53:55:82 GAMEBOY/(30529:30529): Se ha establecido una conexion con el proceso Team
[INFO] 00:55:34:945 GAMEBOY/(30575:30575): Se ha establecido una conexion con el proceso Team
[INFO] 00:58:33:527 GAMEBOY/(30698:30698): Se ha establecido una conexion con el proceso Team
[INFO] 01:00:09:376 GAMEBOY/(30867:30867): Se ha establecido una conexion con el proceso Team
[INFO] 01:01:59:187 GAMEBOY/(30992:30992): Se ha establecido una conexion con el proceso Team
[INFO] 01:03:23:897 GAMEBOY/(31044:31044): Se ha establecido una conexion con el proceso Team
[INFO] 01:04:32:610 GAMEBOY/(31063:31063): Se ha establecido una conexion con el proceso Team
[INFO] 01:07:30:194 GAMEBOY/(31143:31143): Se ha establecido una conexion con el proceso Team
[INFO] 01:10:35:999 GAMEBOY/(31236:31236): Se ha establecido una conexion con el proceso Team
[INFO] 01:11:30:806 GAMEBOY/(31275:31275): Se ha establecido una conexion con el proceso Team
[INFO] 01:12:34:393 GAMEBOY/(31340:31340): Se ha establecido una conexion con el proceso Team
[INFO] 16:46:31:708 GAMEBOY/(9473:9473): Se ha establecido una conexion con el proceso GameCard
[INFO] 16:46:55:626 GAMEBOY/(9473:9473): Se ha establecido una conexion con el proceso GameCard
[INFO] 16:47:03:19 GAMEBOY/(9473:9473): Se ha establecido una conexion con el proceso GameCard
[INFO] 16:48:44:149 GAMEBOY/(9473:9473): Se ha establecido una conexion con el proceso Team
[INFO] 16:52:49:898 GAMEBOY/(9905:9905): Se ha establecido una conexion con el proceso Team
[INFO] 16:52:53:602 GAMEBOY/(9905:9905): Se ha establecido una conexion con el proceso Team
[INFO] 16:52:59:755 GAMEBOY/(9905:9905): Se ha establecido una conexion con el proceso Team
[INFO] 16:53:04:538 GAMEBOY/(9905:9905): Se ha establecido una conexion con el proceso Team
[INFO] 01:24:43:743 GAMEBOY/(18930:18930): Se ha establecido una conexion con el proceso Team
[INFO] 01:25:18:446 GAMEBOY/(18977:18977): Se ha establecido una conexion con el proceso Team
[INFO] 10:06:42:155 GAMEBOY/(20979:20979): Se ha establecido una conexion con el proceso Team
[INFO] 10:10:56:835 GAMEBOY/(24767:24767): Se ha establecido una conexion con el proceso Team
[INFO] 10:11:03:691 GAMEBOY/(24767:24767): Se ha establecido una conexion con el proceso Team
[INFO] 10:11:14:251 GAMEBOY/(24767:24767): Se ha establecido una conexion con el proceso Team
[INFO] 10:11:22:659 GAMEBOY/(24767:24767): Se ha establecido una conexion con el proceso Team
[INFO] 10:11:35:403 GAMEBOY/(24767:24767): Se ha establecido una conexion con el proceso Team
[INFO] 10:11:55:900 GAMEBOY/(24767:24767): Se ha establecido una conexion con el proceso Team
[INFO] 10:16:12:350 GAMEBOY/(24973:24973): Se ha establecido una conexion con el proceso Team
[INFO] 10:16:20:558 GAMEBOY/(24973:24973): Se ha establecido una conexion con el proceso Team
[INFO] 10:20:15:703 GAMEBOY/(21182:21182): Se ha establecido una conexion con el proceso Team
[INFO] 10:20:21:599 GAMEBOY/(21182:21182): Se ha establecido una conexion con el proceso Team
[INFO] 10:20:26:103 GAMEBOY/(21182:21182): Se ha establecido una conexion con el proceso Team
[INFO] 10:20:27:311 GAMEBOY/(21182:21182): Se ha establecido una conexion con el proceso Team
[INFO] 10:20:28:103 GAMEBOY/(21182:21182): Se ha establecido una conexion con el proceso Team
[INFO] 10:20:33:135 GAMEBOY/(21182:21182): Se ha establecido una conexion con el proceso Team
[INFO] 10:20:34:575 GAMEBOY/(21182:21182): Se ha establecido una conexion con el proceso Team
[INFO] 10:20:35:775 GAMEBOY/(21182:21182): Se ha establecido una conexion con el proceso Team
[INFO] 10:26:59:463 GAMEBOY/(19550:19550): Se ha establecido una conexion con el proceso Team
[INFO] 10:27:01:799 GAMEBOY/(19550:19550): Se ha establecido una conexion con el proceso Team
[INFO] 10:38:52:863 GAMEBOY/(19474:19474): Se ha establecido una conexion con el proceso Team
[INFO] 10:39:39:111 GAMEBOY/(22110:22110): Se ha establecido una conexion con el proceso Team
[INFO] 10:39:41:7 GAMEBOY/(22110:22110): Se ha establecido una conexion con el proceso Team
[INFO] 11:01:16:877 GAMEBOY/(26754:26754): Se ha establecido una conexion con el proceso Team
[INFO] 11:01:25:653 GAMEBOY/(26754:26754): Se ha establecido una conexion con el proceso Team
[INFO] 11:01:28:151 GAMEBOY/(26754:26754): Se ha establecido una conexion con el proceso Team
[INFO] 11:01:56:709 GAMEBOY/(30459:30459): Se ha establecido una conexion con el proceso Team
[INFO] 11:01:58:125 GAMEBOY/(30459:30459): Se ha establecido una conexion con el proceso Team
[INFO] 11:01:59:221 GAMEBOY/(30459:30459): Se ha establecido una conexion con el proceso Team
[INFO] 11:02:02:813 GAMEBOY/(30459:30459): Se ha establecido una conexion con el proceso Team
[INFO] 11:02:08:341 GAMEBOY/(30459:30459): Se ha establecido una conexion con el proceso Team
[INFO] 11:02:16:53 GAMEBOY/(30459:30459): Se ha establecido una conexion con el proceso Team
[INFO] 11:02:22:565 GAMEBOY/(30459:30459): Se ha establecido una conexion con el proceso Team
[INFO] 11:02:23:837 GAMEBOY/(30459:30459): Se ha establecido una conexion con el proceso Team
[INFO] 11:02:25:989 GAMEBOY/(30459:30459): Se ha establecido una conexion con el proceso Team
[INFO] 11:06:48:603 GAMEBOY/(15341:15341): Se ha establecido una conexion con el proceso Team
[INFO] 11:06:50:179 GAMEBOY/(15341:15341): Se ha establecido una conexion con el proceso Team
[INFO] 11:06:51:107 GAMEBOY/(15341:15341): Se ha establecido una conexion con el proceso Team
[INFO] 11:06:51:715 GAMEBOY/(15341:15341): Se ha establecido una conexion con el proceso Team
[INFO] 11:07:01:388 GAMEBOY/(15341:15341): Se ha establecido una conexion con el proceso Team
[INFO] 11:07:02:555 GAMEBOY/(15341:15341): Se ha establecido una conexion con el proceso Team
[INFO] 11:07:03:163 GAMEBOY/(15341:15341): Se ha establecido una conexion con el proceso Team
[INFO] 11:07:03:699 GAMEBOY/(15341:15341): Se ha establecido una conexion con el proceso Team
[INFO] 11:07:04:267 GAMEBOY/(15341:15341): Se ha establecido una conexion con el proceso Team
[INFO] 11:07:11:499 GAMEBOY/(15341:15341): Se ha establecido una conexion con el proceso Team
[INFO] 11:07:13:59 GAMEBOY/(15341:15341): Se ha establecido una conexion con el proceso Team
[INFO] 11:45:27:897 GAMEBOY/(7267:7267): Se ha establecido una conexion con el proceso Team
[INFO] 11:45:37:937 GAMEBOY/(7267:7267): Se ha establecido una conexion con el proceso Team
[INFO] 11:45:38:993 GAMEBOY/(7267:7267): Se ha establecido una conexion con el proceso Team
[INFO] 11:45:39:673 GAMEBOY/(7267:7267): Se ha establecido una conexion con el proceso Team
[INFO] 11:45:40:473 GAMEBOY/(7267:7267): Se ha establecido una conexion con el proceso Team
[INFO] 11:45:41:137 GAMEBOY/(7267:7267): Se ha establecido una conexion con el proceso Team
[INFO] 11:45:41:648 GAMEBOY/(7267:7267): Se ha establecido una conexion con el proceso Team
[INFO] 11:45:42:113 GAMEBOY/(7267:7267): Se ha establecido una conexion con el proceso Team
[INFO] 11:45:50:593 GAMEBOY/(7267:7267): Se ha establecido una conexion con el proceso Team
[INFO] 11:45:51:577 GAMEBOY/(7267:7267): Se ha establecido una conexion con el proceso Team
[INFO] 11:45:52:200 GAMEBOY/(7267:7267): Se ha establecido una conexion con el proceso Team
[INFO] 11:45:52:769 GAMEBOY/(7267:7267): Se ha establecido una conexion con el proceso Team
[INFO] 11:45:53:233 GAMEBOY/(7267:7267): Se ha establecido una conexion con el proceso Team
[INFO] 11:45:53:657 GAMEBOY/(7267:7267): Se ha establecido una conexion con el proceso Team
[INFO] 11:45:54:97 GAMEBOY/(7267:7267): Se ha establecido una conexion con el proceso Team
[INFO] 11:45:54:537 GAMEBOY/(7267:7267): Se ha establecido una conexion con el proceso Team
[INFO] 11:45:54:944 GAMEBOY/(7267:7267): Se ha establecido una conexion con el proceso Team
[INFO] 11:45:55:360 GAMEBOY/(7267:7267): Se ha establecido una conexion con el proceso Team
[INFO] 11:45:55:800 GAMEBOY/(7267:7267): Se ha establecido una conexion con el proceso Team
[INFO] 11:45:56:192 GAMEBOY/(7267:7267): Se ha establecido una conexion con el proceso Team
[INFO] 11:45:56:576 GAMEBOY/(7267:7267): Se ha establecido una conexion con el proceso Team
[INFO] 11:45:57:345 GAMEBOY/(7267:7267): Se ha establecido una conexion con el proceso Team
[INFO] 11:46:35:992 GAMEBOY/(7267:7267): Se ha establecido una conexion con el proceso Team
[INFO] 11:46:36:904 GAMEBOY/(7267:7267): Se ha establecido una conexion con el proceso Team
[INFO] 11:46:37:384 GAMEBOY/(7267:7267): Se ha establecido una conexion con el proceso Team
[INFO] 11:46:37:808 GAMEBOY/(7267:7267): Se ha establecido una conexion con el proceso Team
[INFO] 11:46:38:232 GAMEBOY/(7267:7267): Se ha establecido una conexion con el proceso Team
[INFO] 11:46:38:672 GAMEBOY/(7267:7267): Se ha establecido una conexion con el proceso Team
[INFO] 11:46:39:80 GAMEBOY/(7267:7267): Se ha establecido una conexion con el proceso Team
[INFO] 11:46:39:504 GAMEBOY/(7267:7267): Se ha establecido una conexion con el proceso Team
[INFO] 11:46:39:912 GAMEBOY/(7267:7267): Se ha establecido una conexion con el proceso Team
[INFO] 11:46:40:304 GAMEBOY/(7267:7267): Se ha establecido una conexion con el proceso Team
[INFO] 11:46:40:712 GAMEBOY/(7267:7267): Se ha establecido una conexion con el proceso Team
[INFO] 11:46:45:864 GAMEBOY/(7267:7267): Se ha establecido una conexion con el proceso Team
[INFO] 11:46:46:727 GAMEBOY/(7267:7267): Se ha establecido una conexion con el proceso Team
[INFO] 11:46:47:199 GAMEBOY/(7267:7267): Se ha establecido una conexion con el proceso Team
[INFO] 11:46:47:607 GAMEBOY/(7267:7267): Se ha establecido una conexion con el proceso Team
[INFO] 11:46:48:7 GAMEBOY/(7267:7267): Se ha establecido una conexion con el proceso Team
[INFO] 11:46:48:399 GAMEBOY/(7267:7267): Se ha establecido una conexion con el proceso Team
[INFO] 11:46:49:935 GAMEBOY/(7267:7267): Se ha establecido una conexion con el proceso Team
[INFO] 11:46:50:375 GAMEBOY/(7267:7267): Se ha establecido una conexion con el proceso Team
[INFO] 12:06:53:778 GAMEBOY/(12397:12397): Se ha establecido una conexion con el proceso Team
[INFO] 12:06:59:130 GAMEBOY/(12397:12397): Se ha establecido una conexion con el proceso Team
[INFO] 12:07:00:314 GAMEBOY/(12397:12397): Se ha establecido una conexion con el proceso Team
[INFO] 12:07:00:922 GAMEBOY/(12397:12397): Se ha establecido una conexion con el proceso Team
[INFO] 12:07:01:2 GAMEBOY/(12397:12397): Se ha establecido una conexion con el proceso Team
[INFO] 12:07:09:514 GAMEBOY/(12397:12397): Se ha establecido una conexion con el proceso Team
[INFO] 12:07:32:258 GAMEBOY/(12397:12397): Se ha establecido una conexion con el proceso Team
[INFO] 12:08:11:193 GAMEBOY/(9622:9622): Se ha establecido una conexion con el proceso Team
[INFO] 12:08:14:17 GAMEBOY/(9622:9622): Se ha establecido una conexion con el proceso Team
[INFO] 12:08:22:977 GAMEBOY/(9622:9622): Se ha establecido una conexion con el proceso Team
[INFO] 12:08:25:513 GAMEBOY/(9622:9622): Se ha establecido una conexion con el proceso Team
[INFO] 12:08:26:809 GAMEBOY/(9622:9622): Se ha establecido una conexion con el proceso Team
[INFO] 12:08:27:513 GAMEBOY/(9622:9622): Se ha establecido una conexion con el proceso Team
[INFO] 12:08:28:105 GAMEBOY/(9622:9622): Se ha establecido una conexion con el proceso Team
[INFO] 12:08:59:320 GAMEBOY/(9622:9622): Se ha establecido una conexion con el proceso Team
[INFO] 12:09:30:199 GAMEBOY/(9622:9622): Se ha establecido una conexion con el proceso Team
[INFO] 12:09:30:879 GAMEBOY/(9622:9622): Se ha establecido una conexion con el proceso Team
[INFO] 12:09:31:256 GAMEBOY/(9622:9622): Se ha establecido una conexion con el proceso Team
[INFO] 12:09:31:615 GAMEBOY/(9622:9622): Se ha establecido una conexion con el proceso Team
[INFO] 12:09:31:983 GAMEBOY/(9622:9622): Se ha establecido una conexion con el proceso Team
[INFO] 12:09:32:343 GAMEBOY/(9622:9622): Se ha establecido una conexion con el proceso Team
[INFO] 12:09:32:720 GAMEBOY/(9622:9622): Se ha establecido una conexion con el proceso Team
[INFO] 12:09:33:95 GAMEBOY/(9622:9622): Se ha establecido una conexion con el proceso Team
[INFO] 12:11:22:750 GAMEBOY/(9622:9622): Se ha establecido una conexion con el proceso Team
[INFO] 12:11:25:821 GAMEBOY/(9622:9622): Se ha establecido una conexion con el proceso Team
[INFO] 12:11:27:6 GAMEBOY/(9622:9622): Se ha establecido una conexion con el proceso Team
[INFO] 12:11:27:598 GAMEBOY/(9622:9622): Se ha establecido una conexion con el proceso Team
[INFO] 12:11:32:630 GAMEBOY/(9622:9622): Se ha establecido una conexion con el proceso Team
[INFO] 12:11:33:557 GAMEBOY/(9622:9622): Se ha establecido una conexion con el proceso Team
[INFO] 12:11:34:30 GAMEBOY/(9622:9622): Se ha establecido una conexion con el proceso Team
[INFO] 12:11:34:461 GAMEBOY/(9622:9622): Se ha establecido una conexion con el proceso Team
[INFO] 12:11:34:845 GAMEBOY/(9622:9622): Se ha establecido una conexion con el proceso Team
[INFO] 12:11:37:693 GAMEBOY/(9622:9622): Se ha establecido una conexion con el proceso Team
[INFO] 12:11:39:829 GAMEBOY/(9622:9622): Se ha establecido una conexion con el proceso Team
[INFO] 12:11:45:446 GAMEBOY/(9622:9622): Se ha establecido una conexion con el proceso Team
[INFO] 12:11:46:773 GAMEBOY/(9622:9622): Se ha establecido una conexion con el proceso Team
[INFO] 12:11:47:445 GAMEBOY/(9622:9622): Se ha establecido una conexion con el proceso Team
[INFO] 12:11:51:29 GAMEBOY/(9622:9622): Se ha establecido una conexion con el proceso Team
[INFO] 12:11:57:173 GAMEBOY/(9622:9622): Se ha establecido una conexion con el proceso Team
[INFO] 12:11:57:925 GAMEBOY/(9622:9622): Se ha establecido una conexion con el proceso Team
[INFO] 12:11:58:453 GAMEBOY/(9622:9622): Se ha establecido una conexion con el proceso Team
[INFO] 12:12:14:61 GAMEBOY/(9622:9622): Se ha establecido una conexion con el proceso Team
[INFO] 12:12:15:93 GAMEBOY/(9622:9622): Se ha establecido una conexion con el proceso Team
[INFO] 12:12:15:773 GAMEBOY/(9622:9622): Se ha establecido una conexion con el proceso Team
[INFO] 12:12:16:285 GAMEBOY/(9622:9622): Se ha establecido una conexion con el proceso Team
[INFO] 12:12:16:749 GAMEBOY/(9622:9622): Se ha establecido una conexion con el proceso Team
[INFO] 12:12:17:189 GAMEBOY/(9622:9622): Se ha establecido una conexion con el proceso Team
[INFO] 12:12:17:741 GAMEBOY/(9622:9622): Se ha establecido una conexion con el proceso Team
[INFO] 12:12:18:597 GAMEBOY/(9622:9622): Se ha establecido una conexion con el proceso Team
[INFO] 12:23:30:35 GAMEBOY/(29057:29057): Se ha establecido una conexion con el proceso Team
[INFO] 12:23:32:43 GAMEBOY/(29057:29057): Se ha establecido una conexion con el proceso Team
[INFO] 12:23:32:683 GAMEBOY/(29057:29057): Se ha establecido una conexion con el proceso Team
[INFO] 12:23:33:699 GAMEBOY/(29057:29057): Se ha establecido una conexion con el proceso Team
[INFO] 12:23:38:387 GAMEBOY/(29057:29057): Se ha establecido una conexion con el proceso Team
[INFO] 12:23:40:963 GAMEBOY/(29057:29057): Se ha establecido una conexion con el proceso Team
[INFO] 12:23:41:907 GAMEBOY/(29057:29057): Se ha establecido una conexion con el proceso Team
[INFO] 12:23:42:307 GAMEBOY/(29057:29057): Se ha establecido una conexion con el proceso Team
[INFO] 12:23:42:715 GAMEBOY/(29057:29057): Se ha establecido una conexion con el proceso Team
[INFO] 12:23:50:571 GAMEBOY/(29057:29057): Se ha establecido una conexion con el proceso Team
[INFO] 12:23:51:707 GAMEBOY/(29057:29057): Se ha establecido una conexion con el proceso Team
[INFO] 12:23:52:323 GAMEBOY/(29057:29057): Se ha establecido una conexion con el proceso Team
[INFO] 12:23:52:683 GAMEBOY/(29057:29057): Se ha establecido una conexion con el proceso Team
[INFO] 12:42:25:525 GAMEBOY/(30598:30598): Se ha establecido una conexion con el proceso Team
[INFO] 12:42:26:813 GAMEBOY/(30598:30598): Se ha establecido una conexion con el proceso Team
[INFO] 12:42:27:461 GAMEBOY/(30598:30598): Se ha establecido una conexion con el proceso Team
[INFO] 12:42:27:957 GAMEBOY/(30598:30598): Se ha establecido una conexion con el proceso Team
[INFO] 12:42:28:421 GAMEBOY/(30598:30598): Se ha establecido una conexion con el proceso Team
[INFO] 12:42:29:189 GAMEBOY/(30598:30598): Se ha establecido una conexion con el proceso Team
[INFO] 12:42:44:701 GAMEBOY/(30598:30598): Se ha establecido una conexion con el proceso Team
[INFO] 12:42:52:692 GAMEBOY/(30598:30598): Se ha establecido una conexion con el proceso Team
[INFO] 12:42:53:652 GAMEBOY/(30598:30598): Se ha establecido una conexion con el proceso Team
[INFO] 12:42:54:381 GAMEBOY/(30598:30598): Se ha establecido una conexion con el proceso Team
[INFO] 12:42:54:964 GAMEBOY/(30598:30598): Se ha establecido una conexion con el proceso Team
[INFO] 12:42:55:548 GAMEBOY/(30598:30598): Se ha establecido una conexion con el proceso Team
[INFO] 12:51:17:172 GAMEBOY/(22634:22634): Se ha establecido una conexion con el proceso Team
[INFO] 12:51:18:643 GAMEBOY/(22634:22634): Se ha establecido una conexion con el proceso Team
[INFO] 12:51:19:188 GAMEBOY/(22634:22634): Se ha establecido una conexion con el proceso Team
[INFO] 12:51:19:572 GAMEBOY/(22634:22634): Se ha establecido una conexion con el proceso Team
[INFO] 12:51:26:140 GAMEBOY/(22634:22634): Se ha establecido una conexion con el proceso Team
[INFO] 12:51:27:147 GAMEBOY/(22634:22634): Se ha establecido una conexion con el proceso Team
[INFO] 12:51:27:596 GAMEBOY/(22634:22634): Se ha establecido una conexion con el proceso Team
[INFO] 12:51:27:980 GAMEBOY/(22634:22634): Se ha establecido una conexion con el proceso Team
[INFO] 12:51:28:380 GAMEBOY/(22634:22634): Se ha establecido una conexion con el proceso Team
[INFO] 12:51:28:756 GAMEBOY/(22634:22634): Se ha establecido una conexion con el proceso Team
[INFO] 12:51:29:116 GAMEBOY/(22634:22634): Se ha establecido una conexion con el proceso Team
[INFO] 12:51:29:468 GAMEBOY/(22634:22634): Se ha establecido una conexion con el proceso Team
[INFO] 12:51:29:828 GAMEBOY/(22634:22634): Se ha establecido una conexion con el proceso Team
[INFO] 12:51:34:844 GAMEBOY/(22634:22634): Se ha establecido una conexion con el proceso Team
[INFO] 12:51:35:723 GAMEBOY/(22634:22634): Se ha establecido una conexion con el proceso Team
[INFO] 12:51:36:251 GAMEBOY/(22634:22634): Se ha establecido una conexion con el proceso Team
[INFO] 12:51:36:699 GAMEBOY/(22634:22634): Se ha establecido una conexion con el proceso Team
[INFO] 12:51:42:155 GAMEBOY/(22634:22634): Se ha establecido una conexion con el proceso Team
[INFO] 12:51:43:267 GAMEBOY/(22634:22634): Se ha establecido una conexion con el proceso Team
[INFO] 12:51:48:11 GAMEBOY/(22634:22634): Se ha establecido una conexion con el proceso Team
[INFO] 12:51:50:315 GAMEBOY/(22634:22634): Se ha establecido una conexion con el proceso Team
[INFO] 12:51:50:739 GAMEBOY/(22634:22634): Se ha establecido una conexion con el proceso Team
[INFO] 12:51:51:147 GAMEBOY/(22634:22634): Se ha establecido una conexion con el proceso Team
