[INFO] 00:47:49:60 TEAM/(17186:17186): Se cambio al entrenador 2 a la cola (null) porque Cumplio Objetivo Particular
[INFO] 00:48:19:233 TEAM/(17237:17237): Se cambio al entrenador 2 a la cola  porque Cumplio Objetivo Particular
[INFO] 00:49:38:733 TEAM/(17291:17291): Se cambio al entrenador 2 a la cola (null) porque Cumplio Objetivo Particular
[INFO] 00:49:57:829 TEAM/(17336:17336): Se cambio al entrenador 2 a la cola (null) porque Cumplio Objetivo Particular
[INFO] 00:51:37:830 TEAM/(17336:17336): Cantidad total de ciclos 0, Cantidad de cambios de contexto, Cantidad de ciclos CPU
[INFO] 00:51:37:830 TEAM/(17336:17336): -----------LOG END--------
[INFO] 01:08:52:761 TEAM/(17902:17902): Se cambio al entrenador 2 a la cola (null) porque Cumplio Objetivo Particular
[INFO] 01:10:32:761 TEAM/(17902:17902): Cantidad total de ciclos 0, Cantidad de cambios de contexto, Cantidad de ciclos CPU
[INFO] 01:10:32:761 TEAM/(17902:17902): -----------LOG END--------
[INFO] 01:11:07:255 TEAM/(18129:18129): Se cambio al entrenador 2 a la cola EXIT porque Cumplio Objetivo Particular
[INFO] 01:11:42:570 TEAM/(18190:18190): Se cambio al entrenador 2 a la cola EXIT porque Cumplio Objetivo Particular
[INFO] 01:11:54:12 TEAM/(18234:18234): Se cambio al entrenador 2 a la cola EXITdsad porque Cumplio Objetivo Particular
[INFO] 01:12:47:257 TEAM/(18129:18129): Cantidad total de ciclos 0, Cantidad de cambios de contexto, Cantidad de ciclos CPU
[INFO] 01:12:47:257 TEAM/(18129:18129): -----------LOG END--------
[INFO] 01:13:22:570 TEAM/(18190:18190): Cantidad total de ciclos 0, Cantidad de cambios de contexto, Cantidad de ciclos CPU
[INFO] 01:13:22:570 TEAM/(18190:18190): -----------LOG END--------
[INFO] 01:13:34:13 TEAM/(18234:18234): Cantidad total de ciclos 0, Cantidad de cambios de contexto, Cantidad de ciclos CPU
[INFO] 01:13:34:13 TEAM/(18234:18234): -----------LOG END--------
[INFO] 01:16:35:227 TEAM/(18434:18434): Se cambio al entrenador 2 a la cola EXIT porque Cumplio Objetivo Particular
[INFO] 01:16:54:924 TEAM/(18479:18479): Se cambio al entrenador 2 a la cola EXIT porque Cumplio Objetivo Particular
[INFO] 01:18:15:228 TEAM/(18434:18434): Cantidad total de ciclos 0, Cantidad de cambios de contexto 0, Cantidad de ciclos CPU
[INFO] 01:18:15:228 TEAM/(18434:18434): -----------LOG END--------
[INFO] 01:21:46:872 TEAM/(18680:18680): Se cambio al entrenador 2 a la cola EXIT porque Cumplio Objetivo Particular
[INFO] 01:24:02:367 TEAM/(18817:18817): Se cambio al entrenador 2 a la cola EXIT porque Cumplio Objetivo Particular
[INFO] 01:24:59:718 TEAM/(18971:18971): Se cambio al entrenador 2 a la cola EXIT porque Cumplio Objetivo Particular
