[INFO] 19:03:03:923 BROKER/(12289:12289): probando log 1 2 3
[INFO] 19:07:26:736 BROKER/(12518:12518): probando log 1 2 3
[INFO] 19:11:59:132 BROKER/(12705:12705): probando log 1 2 3
[INFO] 19:12:17:398 BROKER/(12717:12717): probando log 1 2 3
[INFO] 19:18:56:91 BROKER/(13078:13078): probando log 1 2 3
[INFO] 19:36:53:949 BROKER/(30231:30231): probando log 1 2 3
[INFO] 21:55:51:933 BROKER/(12955:12959): Se suscribio el proceso, 5 ,a la cola LOCALIZED_POKEMON
[INFO] 21:56:10:618 BROKER/(12993:12997): Se suscribio el proceso, 5 ,a la cola LOCALIZED_POKEMON
[INFO] 21:57:08:458 BROKER/(13046:13050): Se suscribio el proceso, 5 ,a la cola LOCALIZED_POKEMON
[INFO] 21:57:51:818 BROKER/(13098:13104): Se suscribio el proceso, 7 ,a la cola LOCALIZED_POKEMON
[INFO] 21:57:51:819 BROKER/(13098:13105): Se suscribio el proceso, 8 ,a la cola APPEAREAD_POKEMON
[INFO] 21:58:27:3 BROKER/(13113:13119): Se suscribio el proceso, 7 ,a la cola LOCALIZED_POKEMON
[INFO] 21:58:27:6 BROKER/(13113:13119): Se suscribio el proceso, 8 ,a la cola APPEAREAD_POKEMON
[INFO] 21:58:39:678 BROKER/(13113:13127): Se suscribio el proceso, 10 ,a la cola LOCALIZED_POKEMON
[INFO] 21:58:39:679 BROKER/(13113:13128): Se suscribio el proceso, 11 ,a la cola APPEAREAD_POKEMON
[INFO] 22:04:31:448 BROKER/(13385:13391): Se suscribio el proceso, 7 ,a la cola LOCALIZED_POKEMON
[INFO] 22:04:31:449 BROKER/(13385:13392): Se suscribio el proceso, 8 ,a la cola APPEAREAD_POKEMON
[INFO] 22:07:32:933 BROKER/(13556:13562): Se suscribio el proceso, 7 ,a la cola LOCALIZED_POKEMON
[INFO] 22:07:32:936 BROKER/(13556:13563): Se suscribio el proceso, 8 ,a la cola APPEAREAD_POKEMON
[INFO] 22:08:24:136 BROKER/(13623:13629): Se suscribio el proceso, 7 ,a la cola LOCALIZED_POKEMON
[INFO] 22:10:15:74 BROKER/(13734:13740): Se suscribio el proceso, 7 ,a la cola LOCALIZED_POKEMON
[INFO] 22:10:15:75 BROKER/(13734:13741): Se suscribio el proceso, 8 ,a la cola APPEAREAD_POKEMON
[INFO] 22:11:09:895 BROKER/(13785:13791): Se suscribio el proceso, 7 ,a la cola LOCALIZED_POKEMON
[INFO] 22:11:09:897 BROKER/(13785:13792): Se suscribio el proceso, 8 ,a la cola APPEAREAD_POKEMON
[INFO] 22:20:47:562 BROKER/(14361:14368): Se suscribio el proceso, 8 ,a la cola APPEAREAD_POKEMON
[INFO] 22:21:07:253 BROKER/(14361:14372): Se suscribio el proceso, 9 ,a la cola GET_POKEMON
[INFO] 22:21:59:686 BROKER/(14383:14384): Se suscribio el proceso, 5 ,a la cola GET_POKEMON
[INFO] 22:22:02:946 BROKER/(14383:14391): Se suscribio el proceso, 8 ,a la cola LOCALIZED_POKEMON
[INFO] 22:22:02:946 BROKER/(14383:14391): 
[INFO] 22:22:02:946 BROKER/(14383:14391): 
[INFO] 22:22:02:947 BROKER/(14383:14392): Se suscribio el proceso, 9 ,a la cola APPEAREAD_POKEMON
[INFO] 22:25:08:615 BROKER/(14558:14562): Se suscribio el proceso, 5 ,a la cola GET_POKEMON
[INFO] 22:25:15:762 BROKER/(14558:14571): Se suscribio el proceso, 8 ,a la cola LOCALIZED_POKEMON
[INFO] 22:25:15:762 BROKER/(14558:14571): 
[INFO] 22:25:15:763 BROKER/(14558:14571): 
[INFO] 22:25:15:764 BROKER/(14558:14572): Se suscribio el proceso, 9 ,a la cola APPEAREAD_POKEMON
[INFO] 22:27:17:244 BROKER/(14558:14644): Se suscribio el proceso, 10 ,a la cola GET_POKEMON
[INFO] 22:27:25:287 BROKER/(14558:14651): Se suscribio el proceso, 12 ,a la cola LOCALIZED_POKEMON
[INFO] 22:27:25:287 BROKER/(14558:14651): 
[INFO] 22:27:25:287 BROKER/(14558:14651): 
[INFO] 22:27:25:288 BROKER/(14558:14651): 
[INFO] 22:27:25:288 BROKER/(14558:14651): 
[INFO] 22:27:25:288 BROKER/(14558:14652): Se suscribio el proceso, 13 ,a la cola APPEAREAD_POKEMON
[INFO] 22:28:21:847 BROKER/(14708:14710): Se suscribio el proceso, 5 ,a la cola GET_POKEMON
[INFO] 22:28:25:72 BROKER/(14708:14717): Se suscribio el proceso, 8 ,a la cola LOCALIZED_POKEMON
[INFO] 22:28:25:73 BROKER/(14708:14717): 
[INFO] 22:28:25:73 BROKER/(14708:14717): 
[INFO] 22:28:25:74 BROKER/(14708:14718): Se suscribio el proceso, 9 ,a la cola APPEAREAD_POKEMON
[INFO] 22:32:17:455 BROKER/(14791:14798): Se suscribio el proceso, 7 ,a la cola LOCALIZED_POKEMON
[INFO] 22:32:17:457 BROKER/(14791:14799): Se suscribio el proceso, 8 ,a la cola APPEAREAD_POKEMON
[INFO] 22:32:24:929 BROKER/(14791:14802): Se suscribio el proceso, 9 ,a la cola GET_POKEMON
[INFO] 22:32:38:293 BROKER/(14791:14805): Se suscribio el proceso, 10 ,a la cola GET_POKEMON
[INFO] 22:32:45:238 BROKER/(14791:14814): Se suscribio el proceso, 12 ,a la cola LOCALIZED_POKEMON
[INFO] 22:32:45:238 BROKER/(14791:14814): 
[INFO] 22:32:45:238 BROKER/(14791:14814): 
[INFO] 22:32:45:239 BROKER/(14791:14814): 
[INFO] 22:32:45:239 BROKER/(14791:14814): 
[INFO] 22:32:45:239 BROKER/(14791:14815): Se suscribio el proceso, 13 ,a la cola APPEAREAD_POKEMON
[INFO] 22:50:32:268 BROKER/(15222:15230): Se suscribio el proceso, 8 ,a la cola APPEAREAD_POKEMON
[INFO] 17:23:16:125 BROKER/(20361:20368): Se suscribio el proceso, 5 ,a la cola APPEAREAD_POKEMON
[INFO] 17:23:16:126 BROKER/(20361:20370): Se suscribio el proceso, 8 ,a la cola CATCH_POKEMON
[INFO] 17:23:58:356 BROKER/(20445:20452): Se suscribio el proceso, 8 ,a la cola APPEAREAD_POKEMON
[INFO] 17:24:26:356 BROKER/(20485:20489): Se suscribio el proceso, 5 ,a la cola LOCALIZED_POKEMON
[INFO] 17:26:55:835 BROKER/(20559:20563): Se suscribio el proceso, 5 ,a la cola LOCALIZED_POKEMON
[INFO] 17:28:24:129 BROKER/(20683:20687): Se suscribio el proceso, 5 ,a la cola LOCALIZED_POKEMON
[INFO] 20:43:23:177 BROKER/(18314:18321): Se suscribio el proceso, 5 ,a la cola LOCALIZED_POKEMON
[INFO] 20:43:29:278 BROKER/(18314:18321): Se suscribio el proceso, 9 ,a la cola NEW_POKEMON_QUEUE_SUSCRIPT
[INFO] 20:43:40:984 BROKER/(18314:18321): Se suscribio el proceso, 10 ,a la cola LOCALIZED_POKEMON
[INFO] 20:45:37:990 BROKER/(18408:18415): Se suscribio el proceso, 5 ,a la cola GET_POKEMON
[INFO] 20:45:42:798 BROKER/(18408:18415): Se suscribio el proceso, 7 ,a la cola LOCALIZED_POKEMON
[INFO] 20:45:42:798 BROKER/(18408:18414): 
[INFO] 20:45:42:799 BROKER/(18408:18414): 
[INFO] 20:50:28:225 BROKER/(18520:18527): Se suscribio el proceso, 5 ,a la cola GET_POKEMON
[INFO] 20:50:36:262 BROKER/(18520:18527): Se suscribio el proceso, 7 ,a la cola LOCALIZED_POKEMON
[INFO] 20:50:36:263 BROKER/(18520:18526): 
[INFO] 20:50:36:267 BROKER/(18520:18526): 
[INFO] 20:52:43:153 BROKER/(18520:18526): 
[INFO] 20:52:59:853 BROKER/(18599:18606): Se suscribio el proceso, 5 ,a la cola GET_POKEMON
[INFO] 20:53:02:538 BROKER/(18599:18606): Se suscribio el proceso, 7 ,a la cola LOCALIZED_POKEMON
[INFO] 20:53:02:538 BROKER/(18599:18605): 
[INFO] 20:53:02:539 BROKER/(18599:18605): 
